<?xml version="1.0" encoding="UTF-8"?>
<testng-results ignored="0" total="2" passed="2" failed="0" skipped="0">
  <reporter-output>
  </reporter-output>
  <suite started-at="2023-04-22T14:02:29 CDT" name="Default suite" finished-at="2023-04-22T14:02:36 CDT" duration-ms="6458">
    <groups>
    </groups>
    <test started-at="2023-04-22T14:02:29 CDT" name="Default test" finished-at="2023-04-22T14:02:36 CDT" duration-ms="6458">
      <class name="variousConcepts.LearnTestNG">
        <test-method is-config="true" signature="readConfig()[pri:0, instance:variousConcepts.LearnTestNG@49c7b90e]" started-at="2023-04-22T14:02:29 CDT" name="readConfig" finished-at="2023-04-22T14:02:29 CDT" duration-ms="5" status="PASS">
          <reporter-output>
          </reporter-output>
        </test-method> <!-- readConfig -->
        <test-method is-config="true" signature="init()[pri:0, instance:variousConcepts.LearnTestNG@49c7b90e]" started-at="2023-04-22T14:02:29 CDT" name="init" finished-at="2023-04-22T14:02:31 CDT" duration-ms="2112" status="PASS">
          <reporter-output>
          </reporter-output>
        </test-method> <!-- init -->
        <test-method signature="loginTest()[pri:1, instance:variousConcepts.LearnTestNG@49c7b90e]" started-at="2023-04-22T14:02:31 CDT" name="loginTest" finished-at="2023-04-22T14:02:32 CDT" duration-ms="821" status="PASS">
          <reporter-output>
          </reporter-output>
        </test-method> <!-- loginTest -->
        <test-method is-config="true" signature="init()[pri:0, instance:variousConcepts.LearnTestNG@49c7b90e]" started-at="2023-04-22T14:02:32 CDT" name="init" finished-at="2023-04-22T14:02:34 CDT" duration-ms="1480" status="PASS">
          <reporter-output>
          </reporter-output>
        </test-method> <!-- init -->
        <test-method signature="addCustomer()[pri:2, instance:variousConcepts.LearnTestNG@49c7b90e]" started-at="2023-04-22T14:02:34 CDT" name="addCustomer" finished-at="2023-04-22T14:02:36 CDT" duration-ms="2013" status="PASS">
          <reporter-output>
          </reporter-output>
        </test-method> <!-- addCustomer -->
      </class> <!-- variousConcepts.LearnTestNG -->
    </test> <!-- Default test -->
  </suite> <!-- Default suite -->
</testng-results>
